<?xml version="1.0" encoding="UTF-8"?>
<testng-results ignored="0" total="1" passed="1" failed="0" skipped="0">
  <reporter-output>
  </reporter-output>
  <suite started-at="2022-10-17T19:28:35 IST" name="Default suite" finished-at="2022-10-17T19:29:18 IST" duration-ms="42965">
    <groups>
    </groups>
    <test started-at="2022-10-17T19:28:35 IST" name="Default test" finished-at="2022-10-17T19:29:18 IST" duration-ms="42965">
      <class name="kwdfDemos.MyTest">
        <test-method signature="SampleTest()[pri:0, instance:kwdfDemos.MyTest@4310d43]" started-at="2022-10-17T19:28:35 IST" name="SampleTest" finished-at="2022-10-17T19:29:18 IST" duration-ms="42851" status="PASS">
          <reporter-output>
          </reporter-output>
        </test-method> <!-- SampleTest -->
      </class> <!-- kwdfDemos.MyTest -->
    </test> <!-- Default test -->
  </suite> <!-- Default suite -->
</testng-results>
